<?xml version="1.0" encoding="UTF-8"?>
<testng-results ignored="0" total="1" passed="1" failed="0" skipped="0">
  <reporter-output>
  </reporter-output>
  <suite started-at="2025-09-22T11:01:44 IST" name="Default suite" finished-at="2025-09-22T11:01:44 IST" duration-ms="122">
    <groups>
    </groups>
    <test started-at="2025-09-22T11:01:44 IST" name="Default test" finished-at="2025-09-22T11:01:44 IST" duration-ms="122">
      <class name="seleniumtest.test">
        <test-method signature="testAdd()[pri:0, instance:seleniumtest.test@6b2ea799]" started-at="2025-09-22T11:01:44 IST" name="testAdd" finished-at="2025-09-22T11:01:44 IST" duration-ms="47" status="PASS">
          <reporter-output>
          </reporter-output>
        </test-method> <!-- testAdd -->
      </class> <!-- seleniumtest.test -->
    </test> <!-- Default test -->
  </suite> <!-- Default suite -->
</testng-results>
