<?xml version="1.0" encoding="UTF-8"?>
<testng-results ignored="0" total="1" passed="1" failed="0" skipped="0">
  <reporter-output>
  </reporter-output>
  <suite started-at="2025-09-22T11:19:07 IST" name="Default suite" finished-at="2025-09-22T11:19:08 IST" duration-ms="77">
    <groups>
    </groups>
    <test started-at="2025-09-22T11:19:07 IST" name="Default test" finished-at="2025-09-22T11:19:08 IST" duration-ms="77">
      <class name="seleniumtest.test">
        <test-method signature="sampleTest()[pri:0, instance:seleniumtest.test@2d3379b4]" started-at="2025-09-22T11:19:07 IST" name="sampleTest" finished-at="2025-09-22T11:19:08 IST" duration-ms="19" status="PASS">
          <reporter-output>
          </reporter-output>
        </test-method> <!-- sampleTest -->
      </class> <!-- seleniumtest.test -->
    </test> <!-- Default test -->
  </suite> <!-- Default suite -->
</testng-results>
